d:\school - gdp\semester 2\physics and simulation 2\huzzah\myphysicswrapper\debug\vc142.pdb
d:\school - gdp\semester 2\physics and simulation 2\huzzah\myphysicswrapper\debug\vc142.idb
d:\school - gdp\semester 2\physics and simulation 2\huzzah\myphysicswrapper\debug\cplanecomponent.obj
d:\school - gdp\semester 2\physics and simulation 2\huzzah\myphysicswrapper\debug\cphysicsworld.obj
d:\school - gdp\semester 2\physics and simulation 2\huzzah\myphysicswrapper\debug\cphysicsfactory.obj
d:\school - gdp\semester 2\physics and simulation 2\huzzah\myphysicswrapper\debug\cphysicscomponent.obj
d:\school - gdp\semester 2\physics and simulation 2\huzzah\myphysicswrapper\debug\ccollisionlistener.obj
d:\school - gdp\semester 2\physics and simulation 2\huzzah\myphysicswrapper\debug\cballcomponent.obj
d:\school - gdp\semester 2\physics and simulation 2\huzzah\myphysicswrapper\debug\myphysicswrapper.pdb
d:\school - gdp\semester 2\physics and simulation 2\huzzah\myphysicswrapper\debug\myphysicswrapper.idb
d:\school - gdp\semester 2\physics and simulation 2\huzzah\myphysicswrapper\debug\createfactory.obj
d:\school - gdp\semester 2\physics and simulation 2\huzzah\debug\myphysicswrapper.lib
d:\school - gdp\semester 2\physics and simulation 2\huzzah\debug\myphysicswrapper.ilk
d:\school - gdp\semester 2\physics and simulation 2\huzzah\debug\myphysicswrapper.dll
d:\school - gdp\semester 2\physics and simulation 2\huzzah\debug\myphysicswrapper.pdb
d:\school - gdp\semester 2\physics and simulation 2\huzzah\debug\myphysicswrapper.exp
d:\school - gdp\semester 2\physics and simulation 2\huzzah\myphysicswrapper\debug\myphysicswrapper.tlog\cl.command.1.tlog
d:\school - gdp\semester 2\physics and simulation 2\huzzah\myphysicswrapper\debug\myphysicswrapper.tlog\cl.read.1.tlog
d:\school - gdp\semester 2\physics and simulation 2\huzzah\myphysicswrapper\debug\myphysicswrapper.tlog\cl.write.1.tlog
d:\school - gdp\semester 2\physics and simulation 2\huzzah\myphysicswrapper\debug\myphysicswrapper.tlog\lib-link.read.1.tlog
d:\school - gdp\semester 2\physics and simulation 2\huzzah\myphysicswrapper\debug\myphysicswrapper.tlog\lib-link.write.1.tlog
d:\school - gdp\semester 2\physics and simulation 2\huzzah\myphysicswrapper\debug\myphysicswrapper.tlog\lib.command.1.tlog
d:\school - gdp\semester 2\physics and simulation 2\huzzah\myphysicswrapper\debug\myphysicswrapper.tlog\link.command.1.tlog
d:\school - gdp\semester 2\physics and simulation 2\huzzah\myphysicswrapper\debug\myphysicswrapper.tlog\link.read.1.tlog
d:\school - gdp\semester 2\physics and simulation 2\huzzah\myphysicswrapper\debug\myphysicswrapper.tlog\link.write.1.tlog
d:\school - gdp\semester 2\physics and simulation 2\huzzah\myphysicswrapper\debug\myphysicswrapper.tlog\myphysicswrapper.write.1u.tlog
